<testng-results>
  <reporter-output>
  </reporter-output>
  <suite name="com.pillartech.raffle.persistence [1.0-SNAPSHOT]">
    <groups>
    </groups>
    <test name="com.pillartech.raffle.persistence.internal.EntryDAOImplTest">
      <class name="com.pillartech.raffle.persistence.internal.EntryDAOImplTest">
        <test-method status="FAIL" signature="springTestContextPrepareTestInstance()" name="springTestContextPrepareTestInstance" is-config="true" duration-ms="0" started-at="2009-12-28T11:26:37Z" finished-at="2009-12-28T11:26:37Z">
          <exception class="java.lang.IllegalStateException">
            <message>
              <![CDATA[Failed to load ApplicationContext]]>
            </message>
            <full-stacktrace>
              <![CDATA[java.lang.IllegalStateException: Failed to load ApplicationContext
	at org.springframework.test.context.TestContext.getApplicationContext(TestContext.java:201)
	at org.springframework.test.context.support.DependencyInjectionTestExecutionListener.injectDependencies(DependencyInjectionTestExecutionListener.java:109)
	at org.springframework.test.context.support.DependencyInjectionTestExecutionListener.prepareTestInstance(DependencyInjectionTestExecutionListener.java:75)
	at org.springframework.test.context.TestContextManager.prepareTestInstance(TestContextManager.java:255)
	at org.springframework.test.context.testng.AbstractTestNGSpringContextTests.springTestContextPrepareTestInstance(AbstractTestNGSpringContextTests.java:117)
	at sun.reflect.NativeMethodAccessorImpl.invoke0(Native Method)
	at sun.reflect.NativeMethodAccessorImpl.invoke(NativeMethodAccessorImpl.java:39)
	at sun.reflect.DelegatingMethodAccessorImpl.invoke(DelegatingMethodAccessorImpl.java:25)
	at java.lang.reflect.Method.invoke(Method.java:597)
	at org.testng.internal.MethodHelper.invokeMethod(MethodHelper.java:644)
	at org.testng.internal.Invoker.invokeConfigurationMethod(Invoker.java:443)
	at org.testng.internal.Invoker.invokeConfigurations(Invoker.java:160)
	at org.testng.internal.Invoker.invokeConfigurations(Invoker.java:90)
	at org.testng.internal.TestMethodWorker.invokeBeforeClassMethods(TestMethodWorker.java:183)
	at org.testng.internal.TestMethodWorker.run(TestMethodWorker.java:115)
	at org.testng.TestRunner.runWorkers(TestRunner.java:908)
	at org.testng.TestRunner.privateRun(TestRunner.java:617)
	at org.testng.TestRunner.run(TestRunner.java:498)
	at org.testng.SuiteRunner.runTest(SuiteRunner.java:329)
	at org.testng.SuiteRunner.runSequentially(SuiteRunner.java:324)
	at org.testng.SuiteRunner.privateRun(SuiteRunner.java:296)
	at org.testng.SuiteRunner.run(SuiteRunner.java:201)
	at org.testng.TestNG.createAndRunSuiteRunners(TestNG.java:915)
	at org.testng.TestNG.runSuitesLocally(TestNG.java:879)
	at org.testng.TestNG.run(TestNG.java:787)
	at org.testng.remote.RemoteTestNG.run(RemoteTestNG.java:75)
	at org.testng.remote.RemoteTestNG.main(RemoteTestNG.java:127)
Caused by: org.springframework.beans.factory.BeanCreationException: Error creating bean with name 'mySessionFactory' defined in class path resource [META-INF/spring/persistence-context.xml]: Initialization of bean failed; nested exception is java.lang.reflect.MalformedParameterizedTypeException
	at org.springframework.beans.factory.support.AbstractAutowireCapableBeanFactory.doCreateBean(AbstractAutowireCapableBeanFactory.java:480)
	at org.springframework.beans.factory.support.AbstractAutowireCapableBeanFactory$1.run(AbstractAutowireCapableBeanFactory.java:409)
	at java.security.AccessController.doPrivileged(Native Method)
	at org.springframework.beans.factory.support.AbstractAutowireCapableBeanFactory.createBean(AbstractAutowireCapableBeanFactory.java:380)
	at org.springframework.beans.factory.support.AbstractBeanFactory$1.getObject(AbstractBeanFactory.java:264)
	at org.springframework.beans.factory.support.DefaultSingletonBeanRegistry.getSingleton(DefaultSingletonBeanRegistry.java:222)
	at org.springframework.beans.factory.support.AbstractBeanFactory.doGetBean(AbstractBeanFactory.java:261)
	at org.springframework.beans.factory.support.AbstractBeanFactory.getBean(AbstractBeanFactory.java:185)
	at org.springframework.beans.factory.support.AbstractBeanFactory.getBean(AbstractBeanFactory.java:164)
	at org.springframework.beans.factory.support.DefaultListableBeanFactory.preInstantiateSingletons(DefaultListableBeanFactory.java:423)
	at org.springframework.context.support.AbstractApplicationContext.finishBeanFactoryInitialization(AbstractApplicationContext.java:728)
	at org.springframework.context.support.AbstractApplicationContext.refresh(AbstractApplicationContext.java:380)
	at org.springframework.test.context.support.AbstractGenericContextLoader.loadContext(AbstractGenericContextLoader.java:84)
	at org.springframework.test.context.support.AbstractGenericContextLoader.loadContext(AbstractGenericContextLoader.java:42)
	at org.springframework.test.context.TestContext.loadApplicationContext(TestContext.java:173)
	at org.springframework.test.context.TestContext.getApplicationContext(TestContext.java:197)
	... 26 more
Caused by: java.lang.reflect.MalformedParameterizedTypeException
	at sun.reflect.generics.reflectiveObjects.ParameterizedTypeImpl.validateConstructorArguments(ParameterizedTypeImpl.java:42)
	at sun.reflect.generics.reflectiveObjects.ParameterizedTypeImpl.<init>(ParameterizedTypeImpl.java:35)
	at sun.reflect.generics.reflectiveObjects.ParameterizedTypeImpl.make(ParameterizedTypeImpl.java:77)
	at sun.reflect.generics.factory.CoreReflectionFactory.makeParameterizedType(CoreReflectionFactory.java:86)
	at sun.reflect.generics.visitor.Reifier.visitClassTypeSignature(Reifier.java:122)
	at sun.reflect.generics.tree.ClassTypeSignature.accept(ClassTypeSignature.java:31)
	at sun.reflect.generics.repository.ClassRepository.getSuperInterfaces(ClassRepository.java:82)
	at java.lang.Class.getGenericInterfaces(Class.java:794)
	at org.springframework.core.GenericTypeResolver.getTypeVariableMap(GenericTypeResolver.java:164)
	at org.springframework.core.GenericTypeResolver.resolveReturnType(GenericTypeResolver.java:101)
	at org.springframework.beans.GenericTypeAwarePropertyDescriptor.getPropertyType(GenericTypeAwarePropertyDescriptor.java:88)
	at org.springframework.beans.TypeConverterDelegate.convertIfNecessary(TypeConverterDelegate.java:138)
	at org.springframework.beans.BeanWrapperImpl.convertForProperty(BeanWrapperImpl.java:386)
	at org.springframework.beans.factory.support.AbstractAutowireCapableBeanFactory.convertForProperty(AbstractAutowireCapableBeanFactory.java:1289)
	at org.springframework.beans.factory.support.AbstractAutowireCapableBeanFactory.applyPropertyValues(AbstractAutowireCapableBeanFactory.java:1250)
	at org.springframework.beans.factory.support.AbstractAutowireCapableBeanFactory.populateBean(AbstractAutowireCapableBeanFactory.java:1010)
	at org.springframework.beans.factory.support.AbstractAutowireCapableBeanFactory.doCreateBean(AbstractAutowireCapableBeanFactory.java:472)
	... 41 more
]]>
            </full-stacktrace>
          </exception>
        </test-method>
        <test-method status="SKIP" signature="springTestContextBeforeTestMethod(java.lang.reflect.Method)" name="springTestContextBeforeTestMethod" is-config="true" duration-ms="0" started-at="2009-12-28T11:26:38Z" finished-at="2009-12-28T11:26:38Z">
        </test-method>
        <test-method status="SKIP" signature="create_entry()" name="create_entry" is-config="true" duration-ms="0" started-at="2009-12-28T11:26:38Z" finished-at="2009-12-28T11:26:38Z">
        </test-method>
        <test-method status="SKIP" signature="test_create_entry_adds_a_row()" name="test_create_entry_adds_a_row" duration-ms="6" started-at="2009-12-28T11:26:38Z" finished-at="2009-12-28T11:26:38Z">
        </test-method>
        <test-method status="PASS" signature="springTestContextAfterTestMethod(java.lang.reflect.Method)" name="springTestContextAfterTestMethod" is-config="true" duration-ms="1" started-at="2009-12-28T11:26:38Z" finished-at="2009-12-28T11:26:38Z">
          <params>
            <param index="0">
              <value>
                <![CDATA[public void com.pillartech.raffle.persistence.internal.EntryDAOImplTest.test_create_entry_adds_a_row()]]>
              </value>
            </param>
          </params>
        </test-method>
        <test-method status="SKIP" signature="springTestContextBeforeTestMethod(java.lang.reflect.Method)" name="springTestContextBeforeTestMethod" is-config="true" duration-ms="0" started-at="2009-12-28T11:26:38Z" finished-at="2009-12-28T11:26:38Z">
        </test-method>
        <test-method status="SKIP" signature="create_entry()" name="create_entry" is-config="true" duration-ms="0" started-at="2009-12-28T11:26:38Z" finished-at="2009-12-28T11:26:38Z">
        </test-method>
        <test-method status="SKIP" signature="test_create_entry_populates_all_fields()" name="test_create_entry_populates_all_fields" duration-ms="2" started-at="2009-12-28T11:26:38Z" finished-at="2009-12-28T11:26:38Z">
        </test-method>
        <test-method status="PASS" signature="springTestContextAfterTestMethod(java.lang.reflect.Method)" name="springTestContextAfterTestMethod" is-config="true" duration-ms="0" started-at="2009-12-28T11:26:38Z" finished-at="2009-12-28T11:26:38Z">
          <params>
            <param index="0">
              <value>
                <![CDATA[public void com.pillartech.raffle.persistence.internal.EntryDAOImplTest.test_create_entry_populates_all_fields()]]>
              </value>
            </param>
          </params>
        </test-method>
        <test-method status="SKIP" signature="springTestContextBeforeTestMethod(java.lang.reflect.Method)" name="springTestContextBeforeTestMethod" is-config="true" duration-ms="0" started-at="2009-12-28T11:26:38Z" finished-at="2009-12-28T11:26:38Z">
        </test-method>
        <test-method status="SKIP" signature="create_entry()" name="create_entry" is-config="true" duration-ms="0" started-at="2009-12-28T11:26:38Z" finished-at="2009-12-28T11:26:38Z">
        </test-method>
        <test-method status="SKIP" signature="test_create_entry_populates_the_id()" name="test_create_entry_populates_the_id" duration-ms="2" started-at="2009-12-28T11:26:38Z" finished-at="2009-12-28T11:26:38Z">
        </test-method>
        <test-method status="PASS" signature="springTestContextAfterTestMethod(java.lang.reflect.Method)" name="springTestContextAfterTestMethod" is-config="true" duration-ms="0" started-at="2009-12-28T11:26:38Z" finished-at="2009-12-28T11:26:38Z">
          <params>
            <param index="0">
              <value>
                <![CDATA[public void com.pillartech.raffle.persistence.internal.EntryDAOImplTest.test_create_entry_populates_the_id()]]>
              </value>
            </param>
          </params>
        </test-method>
        <test-method status="SKIP" signature="springTestContextBeforeTestMethod(java.lang.reflect.Method)" name="springTestContextBeforeTestMethod" is-config="true" duration-ms="0" started-at="2009-12-28T11:26:38Z" finished-at="2009-12-28T11:26:38Z">
        </test-method>
        <test-method status="SKIP" signature="create_entry()" name="create_entry" is-config="true" duration-ms="0" started-at="2009-12-28T11:26:38Z" finished-at="2009-12-28T11:26:38Z">
        </test-method>
        <test-method status="SKIP" signature="test_delete_entry_leaves_no_trace()" name="test_delete_entry_leaves_no_trace" duration-ms="1" started-at="2009-12-28T11:26:38Z" finished-at="2009-12-28T11:26:38Z">
        </test-method>
        <test-method status="PASS" signature="springTestContextAfterTestMethod(java.lang.reflect.Method)" name="springTestContextAfterTestMethod" is-config="true" duration-ms="0" started-at="2009-12-28T11:26:38Z" finished-at="2009-12-28T11:26:38Z">
          <params>
            <param index="0">
              <value>
                <![CDATA[public void com.pillartech.raffle.persistence.internal.EntryDAOImplTest.test_delete_entry_leaves_no_trace()]]>
              </value>
            </param>
          </params>
        </test-method>
        <test-method status="SKIP" signature="springTestContextBeforeTestMethod(java.lang.reflect.Method)" name="springTestContextBeforeTestMethod" is-config="true" duration-ms="0" started-at="2009-12-28T11:26:38Z" finished-at="2009-12-28T11:26:38Z">
        </test-method>
        <test-method status="SKIP" signature="create_entry()" name="create_entry" is-config="true" duration-ms="0" started-at="2009-12-28T11:26:38Z" finished-at="2009-12-28T11:26:38Z">
        </test-method>
        <test-method status="SKIP" signature="test_delete_entry_removes_a_row()" name="test_delete_entry_removes_a_row" duration-ms="1" started-at="2009-12-28T11:26:38Z" finished-at="2009-12-28T11:26:38Z">
        </test-method>
        <test-method status="PASS" signature="springTestContextAfterTestMethod(java.lang.reflect.Method)" name="springTestContextAfterTestMethod" is-config="true" duration-ms="0" started-at="2009-12-28T11:26:38Z" finished-at="2009-12-28T11:26:38Z">
          <params>
            <param index="0">
              <value>
                <![CDATA[public void com.pillartech.raffle.persistence.internal.EntryDAOImplTest.test_delete_entry_removes_a_row()]]>
              </value>
            </param>
          </params>
        </test-method>
        <test-method status="SKIP" signature="springTestContextBeforeTestMethod(java.lang.reflect.Method)" name="springTestContextBeforeTestMethod" is-config="true" duration-ms="0" started-at="2009-12-28T11:26:38Z" finished-at="2009-12-28T11:26:38Z">
        </test-method>
        <test-method status="SKIP" signature="create_entry()" name="create_entry" is-config="true" duration-ms="0" started-at="2009-12-28T11:26:38Z" finished-at="2009-12-28T11:26:38Z">
        </test-method>
        <test-method status="SKIP" signature="test_find_all_returns_a_the_correct_row()" name="test_find_all_returns_a_the_correct_row" duration-ms="1" started-at="2009-12-28T11:26:38Z" finished-at="2009-12-28T11:26:38Z">
        </test-method>
        <test-method status="PASS" signature="springTestContextAfterTestMethod(java.lang.reflect.Method)" name="springTestContextAfterTestMethod" is-config="true" duration-ms="0" started-at="2009-12-28T11:26:38Z" finished-at="2009-12-28T11:26:38Z">
          <params>
            <param index="0">
              <value>
                <![CDATA[public void com.pillartech.raffle.persistence.internal.EntryDAOImplTest.test_find_all_returns_a_the_correct_row()]]>
              </value>
            </param>
          </params>
        </test-method>
        <test-method status="SKIP" signature="springTestContextBeforeTestMethod(java.lang.reflect.Method)" name="springTestContextBeforeTestMethod" is-config="true" duration-ms="0" started-at="2009-12-28T11:26:38Z" finished-at="2009-12-28T11:26:38Z">
        </test-method>
        <test-method status="SKIP" signature="create_entry()" name="create_entry" is-config="true" duration-ms="0" started-at="2009-12-28T11:26:38Z" finished-at="2009-12-28T11:26:38Z">
        </test-method>
        <test-method status="SKIP" signature="test_find_all_returns_multiples()" name="test_find_all_returns_multiples" duration-ms="2" started-at="2009-12-28T11:26:38Z" finished-at="2009-12-28T11:26:38Z">
        </test-method>
        <test-method status="PASS" signature="springTestContextAfterTestMethod(java.lang.reflect.Method)" name="springTestContextAfterTestMethod" is-config="true" duration-ms="0" started-at="2009-12-28T11:26:38Z" finished-at="2009-12-28T11:26:38Z">
          <params>
            <param index="0">
              <value>
                <![CDATA[public void com.pillartech.raffle.persistence.internal.EntryDAOImplTest.test_find_all_returns_multiples()]]>
              </value>
            </param>
          </params>
        </test-method>
        <test-method status="SKIP" signature="springTestContextBeforeTestMethod(java.lang.reflect.Method)" name="springTestContextBeforeTestMethod" is-config="true" duration-ms="0" started-at="2009-12-28T11:26:38Z" finished-at="2009-12-28T11:26:38Z">
        </test-method>
        <test-method status="SKIP" signature="create_entry()" name="create_entry" is-config="true" duration-ms="0" started-at="2009-12-28T11:26:38Z" finished-at="2009-12-28T11:26:38Z">
        </test-method>
        <test-method status="SKIP" signature="test_find_all_returns_null_with_nothing_in_the_db()" name="test_find_all_returns_null_with_nothing_in_the_db" duration-ms="1" started-at="2009-12-28T11:26:38Z" finished-at="2009-12-28T11:26:38Z">
        </test-method>
        <test-method status="PASS" signature="springTestContextAfterTestMethod(java.lang.reflect.Method)" name="springTestContextAfterTestMethod" is-config="true" duration-ms="1" started-at="2009-12-28T11:26:38Z" finished-at="2009-12-28T11:26:38Z">
          <params>
            <param index="0">
              <value>
                <![CDATA[public void com.pillartech.raffle.persistence.internal.EntryDAOImplTest.test_find_all_returns_null_with_nothing_in_the_db()]]>
              </value>
            </param>
          </params>
        </test-method>
        <test-method status="SKIP" signature="springTestContextBeforeTestMethod(java.lang.reflect.Method)" name="springTestContextBeforeTestMethod" is-config="true" duration-ms="0" started-at="2009-12-28T11:26:38Z" finished-at="2009-12-28T11:26:38Z">
        </test-method>
        <test-method status="SKIP" signature="create_entry()" name="create_entry" is-config="true" duration-ms="0" started-at="2009-12-28T11:26:38Z" finished-at="2009-12-28T11:26:38Z">
        </test-method>
        <test-method status="SKIP" signature="test_update_changes_the_row()" name="test_update_changes_the_row" duration-ms="2" started-at="2009-12-28T11:26:38Z" finished-at="2009-12-28T11:26:38Z">
        </test-method>
        <test-method status="PASS" signature="springTestContextAfterTestMethod(java.lang.reflect.Method)" name="springTestContextAfterTestMethod" is-config="true" duration-ms="0" started-at="2009-12-28T11:26:38Z" finished-at="2009-12-28T11:26:38Z">
          <params>
            <param index="0">
              <value>
                <![CDATA[public void com.pillartech.raffle.persistence.internal.EntryDAOImplTest.test_update_changes_the_row()]]>
              </value>
            </param>
          </params>
        </test-method>
        <test-method status="SKIP" signature="springTestContextBeforeTestMethod(java.lang.reflect.Method)" name="springTestContextBeforeTestMethod" is-config="true" duration-ms="0" started-at="2009-12-28T11:26:38Z" finished-at="2009-12-28T11:26:38Z">
        </test-method>
        <test-method status="SKIP" signature="create_entry()" name="create_entry" is-config="true" duration-ms="0" started-at="2009-12-28T11:26:38Z" finished-at="2009-12-28T11:26:38Z">
        </test-method>
        <test-method status="SKIP" signature="test_update_leaves_the_same_number()" name="test_update_leaves_the_same_number" duration-ms="2" started-at="2009-12-28T11:26:38Z" finished-at="2009-12-28T11:26:38Z">
        </test-method>
        <test-method status="PASS" signature="springTestContextAfterTestMethod(java.lang.reflect.Method)" name="springTestContextAfterTestMethod" is-config="true" duration-ms="0" started-at="2009-12-28T11:26:38Z" finished-at="2009-12-28T11:26:38Z">
          <params>
            <param index="0">
              <value>
                <![CDATA[public void com.pillartech.raffle.persistence.internal.EntryDAOImplTest.test_update_leaves_the_same_number()]]>
              </value>
            </param>
          </params>
        </test-method>
      </class>
    </test>
  </suite>
</testng-results>
